<?xml version="1.0" encoding="UTF-8"?>
<!-- Generated by org.testng.reporters.JUnitReportReporter -->
<testsuite hostname="DESKTOP-LF42QN7" failures="0" tests="1" name="com.qa.restApiTest.APITestingAutomation" time="2.998" errors="0" timestamp="2025-04-02T18:20:57 CST" skipped="0">
  <testcase classname="com.qa.restApiTest.APITestingAutomation" name="postApiTest" time="2.998"/>
</testsuite> <!-- com.qa.restApiTest.APITestingAutomation -->
